<?xml version="1.0" encoding="UTF-8"?>
<!-- Generated by org.testng.reporters.JUnitReportReporter -->
<testsuite hostname="QT-INNO-LT1071" failures="0" tests="1" name="runner.Run" time="0.100" errors="0" timestamp="2022-05-24T15:49:43 IST" skipped="0">
  <testcase classname="runner.Run" name="runScenario" time="0.100"/>
  <system-out/>
</testsuite> <!-- runner.Run -->
