<?xml version="1.0" encoding="UTF-8"?>
<!-- Generated by org.testng.reporters.JUnitReportReporter -->
<testsuite hostname="QT-INNO-LT1071" failures="0" tests="1" name="runner.loginRunner" time="15.788" errors="0" timestamp="2022-05-24T15:49:43 IST" skipped="0">
  <testcase classname="runner.loginRunner" name="runScenario" time="15.788"/>
  <system-out/>
</testsuite> <!-- runner.loginRunner -->
